Using pre-set license
Built from '2022.2/release' branch; Version is '2022.2.13f1 (5f5de2657605) revision 6249954'; Using compiler version '192829333'; Build Type 'Release'
OS: 'Windows 10  (10.0.19045) 64bit ProfessionalN' Language: 'en' Physical Memory: 16315 MB
BatchMode: 1, IsHumanControllingUs: 0, StartBugReporterOnCrash: 0, Is64bit: 1, IsPro: 1

COMMAND LINE ARGUMENTS:
D:\Unity\2022.2.13f1\Editor\Unity.exe
-adb2
-batchMode
-noUpm
-name
AssetImportWorker0
-projectPath
D:/Quaan/TestCubes
-logFile
Logs/AssetImportWorker0.log
-srvPort
52616
Successfully changed project path to: D:/Quaan/TestCubes
D:/Quaan/TestCubes
[UnityMemory] Configuration Parameters - Can be set up in boot.config
    "memorysetup-bucket-allocator-granularity=16"
    "memorysetup-bucket-allocator-bucket-count=8"
    "memorysetup-bucket-allocator-block-size=33554432"
    "memorysetup-bucket-allocator-block-count=8"
    "memorysetup-main-allocator-block-size=16777216"
    "memorysetup-thread-allocator-block-size=16777216"
    "memorysetup-gfx-main-allocator-block-size=16777216"
    "memorysetup-gfx-thread-allocator-block-size=16777216"
    "memorysetup-cache-allocator-block-size=4194304"
    "memorysetup-typetree-allocator-block-size=2097152"
    "memorysetup-profiler-bucket-allocator-granularity=16"
    "memorysetup-profiler-bucket-allocator-bucket-count=8"
    "memorysetup-profiler-bucket-allocator-block-size=33554432"
    "memorysetup-profiler-bucket-allocator-block-count=8"
    "memorysetup-profiler-allocator-block-size=16777216"
    "memorysetup-profiler-editor-allocator-block-size=1048576"
    "memorysetup-temp-allocator-size-main=16777216"
    "memorysetup-job-temp-allocator-block-size=2097152"
    "memorysetup-job-temp-allocator-block-size-background=1048576"
    "memorysetup-job-temp-allocator-reduction-small-platforms=262144"
    "memorysetup-temp-allocator-size-background-worker=32768"
    "memorysetup-temp-allocator-size-job-worker=262144"
    "memorysetup-temp-allocator-size-preload-manager=33554432"
    "memorysetup-temp-allocator-size-nav-mesh-worker=65536"
    "memorysetup-temp-allocator-size-audio-worker=65536"
    "memorysetup-temp-allocator-size-cloud-worker=32768"
    "memorysetup-temp-allocator-size-gi-baking-worker=262144"
    "memorysetup-temp-allocator-size-gfx=262144"
Player connection [21288] Host "[IP] 10.0.2.16 [Port] 0 [Flags] 2 [Guid] 3797569927 [EditorId] 3797569927 [Version] 1048832 [Id] WindowsEditor(7,DESKTOP-F49S2JU) [Debug] 1 [PackageName] WindowsEditor [ProjectName] Editor" joined multi-casting on [225.0.0.222:54997]...

Player connection [21288] Host "[IP] 10.0.2.16 [Port] 0 [Flags] 2 [Guid] 3797569927 [EditorId] 3797569927 [Version] 1048832 [Id] WindowsEditor(7,DESKTOP-F49S2JU) [Debug] 1 [PackageName] WindowsEditor [ProjectName] Editor" joined alternative multi-casting on [225.0.0.222:34997]...

Refreshing native plugins compatible for Editor in 6.95 ms, found 2 plugins.
Preloading 0 native plugins for Editor in 0.00 ms.
Initialize engine version: 2022.2.13f1 (5f5de2657605)
[Subsystems] Discovering subsystems at path D:/Unity/2022.2.13f1/Editor/Data/Resources/UnitySubsystems
[Subsystems] Discovering subsystems at path D:/Quaan/TestCubes/Assets
GfxDevice: creating device client; threaded=0; jobified=0
Direct3D:
    Version:  Direct3D 11.0 [level 11.1]
    Renderer: NVIDIA GeForce GTX 1050 Ti (ID=0x1c82)
    Vendor:   NVIDIA
    VRAM:     4017 MB
    Driver:   31.0.15.3623
Initialize mono
Mono path[0] = 'D:/Unity/2022.2.13f1/Editor/Data/Managed'
Mono path[1] = 'D:/Unity/2022.2.13f1/Editor/Data/MonoBleedingEdge/lib/mono/unityjit-win32'
Mono config path = 'D:/Unity/2022.2.13f1/Editor/Data/MonoBleedingEdge/etc'
Using monoOptions --debugger-agent=transport=dt_socket,embedding=1,server=y,suspend=n,address=127.0.0.1:56436
Begin MonoManager ReloadAssembly
Registering precompiled unity dll's ...
Register platform support module: D:/Unity/2022.2.13f1/Editor/Data/PlaybackEngines/AndroidPlayer/UnityEditor.Android.Extensions.dll
Register platform support module: D:/Unity/2022.2.13f1/Editor/Data/PlaybackEngines/WindowsStandaloneSupport/UnityEditor.WindowsStandalone.Extensions.dll
Registered in 0.064661 seconds.
- Loaded All Assemblies, in  1.240 seconds
Native extension for WindowsStandalone target not found
Native extension for Android target not found
Android Extension - Scanning For ADB Devices 443 ms
Mono: successfully reloaded assembly
- Finished resetting the current domain, in  1.072 seconds
Domain Reload Profiling:
	ReloadAssembly (837ms)
		BeginReloadAssembly (297ms)
			ExecutionOrderSort (0ms)
			DisableScriptedObjects (0ms)
			BackupInstance (0ms)
			ReleaseScriptingObjects (0ms)
			CreateAndSetChildDomain (1ms)
		LoadAllAssembliesAndSetupDomain (0ms)
			LoadAssemblies (297ms)
			RebuildTransferFunctionScriptingTraits (0ms)
			SetupTypeCache (394ms)
				TypeCache.Initialize (393ms)
					TypeCache.ScanAssembly (390ms)
				ResolveRequiredComponents (1ms)
		FinalizeReload (0ms)
			ReleaseScriptCaches (0ms)
			RebuildScriptCaches (0ms)
			SetupLoadedEditorAssemblies (965ms)
				LogAssemblyErrors (0ms)
				InitializePlatformSupportModulesInManaged (595ms)
				SetLoadedEditorAssemblies (10ms)
				RefreshPlugins (0ms)
				BeforeProcessingInitializeOnLoad (2ms)
				ProcessInitializeOnLoadAttributes (272ms)
				ProcessInitializeOnLoadMethodAttributes (86ms)
				AfterProcessingInitializeOnLoad (0ms)
				EditorAssembliesLoaded (0ms)
			ExecutionOrderSort2 (0ms)
			AwakeInstancesAfterBackupRestoration (0ms)
========================================================================
Worker process is ready to serve import requests
Begin MonoManager ReloadAssembly
- Loaded All Assemblies, in  1.017 seconds
Refreshing native plugins compatible for Editor in 2.44 ms, found 2 plugins.
Native extension for WindowsStandalone target not found
Native extension for Android target not found
Mono: successfully reloaded assembly
- Finished resetting the current domain, in  0.778 seconds
Domain Reload Profiling:
	ReloadAssembly (417ms)
		BeginReloadAssembly (262ms)
			ExecutionOrderSort (0ms)
			DisableScriptedObjects (12ms)
			BackupInstance (0ms)
			ReleaseScriptingObjects (0ms)
			CreateAndSetChildDomain (40ms)
		LoadAllAssembliesAndSetupDomain (599ms)
			LoadAssemblies (377ms)
			RebuildTransferFunctionScriptingTraits (0ms)
			SetupTypeCache (340ms)
				TypeCache.Initialize (319ms)
					TypeCache.ScanAssembly (314ms)
				ResolveRequiredComponents (6ms)
		FinalizeReload (0ms)
			ReleaseScriptCaches (0ms)
			RebuildScriptCaches (0ms)
			SetupLoadedEditorAssemblies (537ms)
				LogAssemblyErrors (0ms)
				InitializePlatformSupportModulesInManaged (31ms)
				SetLoadedEditorAssemblies (6ms)
				RefreshPlugins (0ms)
				BeforeProcessingInitializeOnLoad (80ms)
				ProcessInitializeOnLoadAttributes (374ms)
				ProcessInitializeOnLoadMethodAttributes (41ms)
				AfterProcessingInitializeOnLoad (4ms)
				EditorAssembliesLoaded (0ms)
			ExecutionOrderSort2 (0ms)
			AwakeInstancesAfterBackupRestoration (9ms)
Launched and connected shader compiler UnityShaderCompiler.exe after 0.07 seconds
Refreshing native plugins compatible for Editor in 2.62 ms, found 2 plugins.
Preloading 0 native plugins for Editor in 0.00 ms.
Unloading 1499 Unused Serialized files (Serialized files now loaded: 0)
Unloading 23 unused Assets / (63.7 KB). Loaded Objects now: 1975.
Memory consumption went from 72.6 MB to 72.6 MB.
Total: 6.157000 ms (FindLiveObjects: 0.250300 ms CreateObjectMapping: 0.097400 ms MarkObjects: 5.615900 ms  DeleteObjects: 0.191900 ms)

AssetImportParameters requested are different than current active one (requested -> active):
  custom:video-encoder-webm-vp8: eb34c28f22e8b96e1ab97ce403110664 -> 
  custom:video-decoder-webm-vp8: 9c59270c3fd7afecdb556c50c9e8de78 -> 
  custom:audio-decoder-ogg-vorbis: bf7c407c2cedff20999df2af8eb42d56 -> 
  custom:container-demuxer-ogg: 62fdf1f143b41e24485cea50d1cbac27 -> 
  custom:AudioImporter_EditorPlatform: d09bf68614088b80899f8185d706f6e7 -> 
  custom:container-demuxer-webm: 4f35f7cbe854078d1ac9338744f61a02 -> 
  custom:video-decoder-ogg-theora: a1e56fd34408186e4bbccfd4996cb3dc -> 
  custom:audio-encoder-webm-vorbis: bf7c407c2cedff20999df2af8eb42d56 -> 
  custom:framework-win-MediaFoundation: 216162199b28c13a410421893ffa2e32 -> 
  custom:container-muxer-webm: aa71ff27fc2769a1b78a27578f13a17b -> 
========================================================================
Received Import Request.
  Time since last request: 1236319.916436 seconds.
  path: Assets/New Material 2.mat
  artifactKey: Guid(e9408be5654d55947b0534417559bf78) Importer(815301076,1909f56bfc062723c751e8b465ee728b)
Start importing Assets/New Material 2.mat using Guid(e9408be5654d55947b0534417559bf78) Importer(815301076,1909f56bfc062723c751e8b465ee728b)  -> (artifact id: '044b6a0b43247e7836c8f090e3a45f48') in 0.393089 seconds
Number of updated asset objects reloaded before import = 0
Number of asset objects unloaded after import = 1
========================================================================
Received Import Request.
  Time since last request: 0.000027 seconds.
  path: Assets/Blocker.prefab
  artifactKey: Guid(4c8d2613566250643926ea22d70ce347) Importer(815301076,1909f56bfc062723c751e8b465ee728b)
Start importing Assets/Blocker.prefab using Guid(4c8d2613566250643926ea22d70ce347) Importer(815301076,1909f56bfc062723c751e8b465ee728b)  -> (artifact id: 'bfeff1cba30a7761bee83997da142ed2') in 0.099651 seconds
Number of updated asset objects reloaded before import = 0
Number of asset objects unloaded after import = 7
========================================================================
Received Import Request.
  Time since last request: 0.000457 seconds.
  path: Assets/New Material 1.mat
  artifactKey: Guid(c361346e9b9a01f489c3d543a812b5e4) Importer(815301076,1909f56bfc062723c751e8b465ee728b)
Start importing Assets/New Material 1.mat using Guid(c361346e9b9a01f489c3d543a812b5e4) Importer(815301076,1909f56bfc062723c751e8b465ee728b)  -> (artifact id: '877547170f044af1925fd9efee3eca75') in 0.008288 seconds
Number of updated asset objects reloaded before import = 0
Number of asset objects unloaded after import = 1
========================================================================
Received Import Request.
  Time since last request: 0.000595 seconds.
  path: Assets/New Material.mat
  artifactKey: Guid(7d43ed3b2b7beaa48bffd84fe2c09f5e) Importer(815301076,1909f56bfc062723c751e8b465ee728b)
Start importing Assets/New Material.mat using Guid(7d43ed3b2b7beaa48bffd84fe2c09f5e) Importer(815301076,1909f56bfc062723c751e8b465ee728b)  -> (artifact id: 'df0df7391d6e144dba71c5a01c72a008') in 0.010586 seconds
Number of updated asset objects reloaded before import = 0
Number of asset objects unloaded after import = 1
========================================================================
Received Import Request.
  Time since last request: 0.000441 seconds.
  path: Assets/Player.prefab
  artifactKey: Guid(766b66eb725cd2f4098df2db69fef007) Importer(815301076,1909f56bfc062723c751e8b465ee728b)
Start importing Assets/Player.prefab using Guid(766b66eb725cd2f4098df2db69fef007) Importer(815301076,1909f56bfc062723c751e8b465ee728b)  -> (artifact id: '5b55500eeb4abf79a087c4da7791e0b9') in 0.510452 seconds
Number of updated asset objects reloaded before import = 0
Number of asset objects unloaded after import = 37
========================================================================
Received Prepare
Begin MonoManager ReloadAssembly
- Loaded All Assemblies, in  0.790 seconds
Refreshing native plugins compatible for Editor in 1.63 ms, found 2 plugins.
Native extension for WindowsStandalone target not found
Native extension for Android target not found
Mono: successfully reloaded assembly
- Finished resetting the current domain, in  1.005 seconds
Domain Reload Profiling:
	ReloadAssembly (279ms)
		BeginReloadAssembly (186ms)
			ExecutionOrderSort (0ms)
			DisableScriptedObjects (8ms)
			BackupInstance (0ms)
			ReleaseScriptingObjects (0ms)
			CreateAndSetChildDomain (46ms)
		LoadAllAssembliesAndSetupDomain (510ms)
			LoadAssemblies (307ms)
			RebuildTransferFunctionScriptingTraits (0ms)
			SetupTypeCache (295ms)
				TypeCache.Initialize (273ms)
					TypeCache.ScanAssembly (267ms)
				ResolveRequiredComponents (5ms)
		FinalizeReload (0ms)
			ReleaseScriptCaches (0ms)
			RebuildScriptCaches (0ms)
			SetupLoadedEditorAssemblies (630ms)
				LogAssemblyErrors (0ms)
				InitializePlatformSupportModulesInManaged (36ms)
				SetLoadedEditorAssemblies (7ms)
				RefreshPlugins (0ms)
				BeforeProcessingInitializeOnLoad (138ms)
				ProcessInitializeOnLoadAttributes (346ms)
				ProcessInitializeOnLoadMethodAttributes (99ms)
				AfterProcessingInitializeOnLoad (3ms)
				EditorAssembliesLoaded (0ms)
			ExecutionOrderSort2 (0ms)
			AwakeInstancesAfterBackupRestoration (8ms)
Refreshing native plugins compatible for Editor in 2.35 ms, found 2 plugins.
Preloading 0 native plugins for Editor in 0.00 ms.
Unloading 2564 Unused Serialized files (Serialized files now loaded: 0)
Unloading 28 unused Assets / (0.9 MB). Loaded Objects now: 3081.
Memory consumption went from 103.1 MB to 102.2 MB.
Total: 5.328300 ms (FindLiveObjects: 0.354100 ms CreateObjectMapping: 0.211600 ms MarkObjects: 4.182400 ms  DeleteObjects: 0.578000 ms)

Prepare: number of updated asset objects reloaded= 0
AssetImportParameters requested are different than current active one (requested -> active):
  custom:video-decoder-webm-vp8: 9c59270c3fd7afecdb556c50c9e8de78 -> 
  custom:container-demuxer-ogg: 62fdf1f143b41e24485cea50d1cbac27 -> 
  custom:AudioImporter_EditorPlatform: d09bf68614088b80899f8185d706f6e7 -> 
  custom:video-decoder-ogg-theora: a1e56fd34408186e4bbccfd4996cb3dc -> 
  custom:framework-win-MediaFoundation: 216162199b28c13a410421893ffa2e32 -> 
  custom:video-encoder-webm-vp8: eb34c28f22e8b96e1ab97ce403110664 -> 
  custom:audio-decoder-ogg-vorbis: bf7c407c2cedff20999df2af8eb42d56 -> 
  custom:container-demuxer-webm: 4f35f7cbe854078d1ac9338744f61a02 -> 
  custom:audio-encoder-webm-vorbis: bf7c407c2cedff20999df2af8eb42d56 -> 
  custom:container-muxer-webm: aa71ff27fc2769a1b78a27578f13a17b -> 
========================================================================
Received Import Request.
  Time since last request: 127.584789 seconds.
  path: Assets
  artifactKey: Guid(00000000000000001000000000000000) Importer(815301076,1909f56bfc062723c751e8b465ee728b)
Start importing Assets using Guid(00000000000000001000000000000000) Importer(815301076,1909f56bfc062723c751e8b465ee728b)  -> (artifact id: '8a4fe85251aa2e89732c359432baa2c3') in 0.002311 seconds
Number of updated asset objects reloaded before import = 0
Number of asset objects unloaded after import = 0
========================================================================
Received Import Request.
  Time since last request: 4.487566 seconds.
  path: Assets/abc
  artifactKey: Guid(e668c86355805fe48a74842192412526) Importer(815301076,1909f56bfc062723c751e8b465ee728b)
Start importing Assets/abc using Guid(e668c86355805fe48a74842192412526) Importer(815301076,1909f56bfc062723c751e8b465ee728b)  -> (artifact id: 'c9e50df2c7ab2f3cbcdda4ccc71092dd') in 0.001375 seconds
Number of updated asset objects reloaded before import = 0
Number of asset objects unloaded after import = 0
========================================================================
Received Import Request.
  Time since last request: 46.849702 seconds.
  path: Assets/abc/outline.shadergraph
  artifactKey: Guid(947e5648a00b8924baa8e7371b0b13b5) Importer(815301076,1909f56bfc062723c751e8b465ee728b)
Start importing Assets/abc/outline.shadergraph using Guid(947e5648a00b8924baa8e7371b0b13b5) Importer(815301076,1909f56bfc062723c751e8b465ee728b)  -> (artifact id: '64fc75fbb9d3eaf960c0edfc7b3cabd2') in 0.516987 seconds
Number of updated asset objects reloaded before import = 0
Number of asset objects unloaded after import = 3
========================================================================
Received Import Request.
  Time since last request: 9.861274 seconds.
  path: Assets/abc/outline.mat
  artifactKey: Guid(1fba803bbce4d8442a5af0a86823db6f) Importer(815301076,1909f56bfc062723c751e8b465ee728b)
Start importing Assets/abc/outline.mat using Guid(1fba803bbce4d8442a5af0a86823db6f) Importer(815301076,1909f56bfc062723c751e8b465ee728b)  -> (artifact id: '59d469be253ba8a6c3cc3ce5dc1e5347') in 0.016556 seconds
Number of updated asset objects reloaded before import = 0
Number of asset objects unloaded after import = 3
========================================================================
Received Import Request.
  Time since last request: 366.327950 seconds.
  path: Assets/abc/outline.shadergraph
  artifactKey: Guid(947e5648a00b8924baa8e7371b0b13b5) Importer(815301076,1909f56bfc062723c751e8b465ee728b)
Start importing Assets/abc/outline.shadergraph using Guid(947e5648a00b8924baa8e7371b0b13b5) Importer(815301076,1909f56bfc062723c751e8b465ee728b)  -> (artifact id: '78979463b1be4156570853b4d3894838') in 0.472639 seconds
Number of updated asset objects reloaded before import = 0
Number of asset objects unloaded after import = 3
========================================================================
Received Import Request.
  Time since last request: 70.956243 seconds.
  path: Assets/portal-weighted-companion-cube/source/Companien Cube.fbx
  artifactKey: Guid(bc7721da6ab676d42a07b5edd806fa8a) Importer(815301076,1909f56bfc062723c751e8b465ee728b)
Start importing Assets/portal-weighted-companion-cube/source/Companien Cube.fbx using Guid(bc7721da6ab676d42a07b5edd806fa8a) Importer(815301076,1909f56bfc062723c751e8b465ee728b)  -> (artifact id: '3a6dfe1d765f7996e123ebc226aa3f94') in 0.222896 seconds
Number of updated asset objects reloaded before import = 0
Number of asset objects unloaded after import = 17
